{"C:\\Users\\Dennis\\Desktop\\frontend\\frontend_test\\js\\Dishes.js": {"path":"C:\\Users\\Dennis\\Desktop\\frontend\\frontend_test\\js\\Dishes.js","statementMap":{"0":{"start":{"line":1,"column":14},"end":{"line":1,"column":32}},"1":{"start":{"line":2,"column":12},"end":{"line":2,"column":28}},"2":{"start":{"line":5,"column":4},"end":{"line":5,"column":69}},"3":{"start":{"line":9,"column":0},"end":{"line":9,"column":32}}},"fnMap":{"0":{"name":"GetStatusCode","decl":{"start":{"line":4,"column":15},"end":{"line":4,"column":28}},"loc":{"start":{"line":4,"column":31},"end":{"line":6,"column":1}},"line":4}},"branchMap":{},"s":{"0":1,"1":1,"2":1,"3":1},"f":{"0":1},"b":{},"_coverageSchema":"1a1c01bbd47fc00a2c39e90264f33305004495a9","hash":"8efbc4df2f4c14891d3cb85a71150640c7e5370c"}
,"C:\\Users\\Dennis\\Desktop\\frontend\\frontend_test\\js\\Flickr.js": {"path":"C:\\Users\\Dennis\\Desktop\\frontend\\frontend_test\\js\\Flickr.js","statementMap":{"0":{"start":{"line":1,"column":14},"end":{"line":1,"column":32}},"1":{"start":{"line":2,"column":12},"end":{"line":2,"column":28}},"2":{"start":{"line":5,"column":4},"end":{"line":5,"column":187}},"3":{"start":{"line":9,"column":0},"end":{"line":9,"column":32}}},"fnMap":{"0":{"name":"GetStatusCode","decl":{"start":{"line":4,"column":15},"end":{"line":4,"column":28}},"loc":{"start":{"line":4,"column":31},"end":{"line":6,"column":1}},"line":4}},"branchMap":{},"s":{"0":1,"1":1,"2":1,"3":1},"f":{"0":1},"b":{},"_coverageSchema":"1a1c01bbd47fc00a2c39e90264f33305004495a9","hash":"cb0358b0fc5023e0a9e88acad325d988126d4c64"}
,"C:\\Users\\Dennis\\Desktop\\frontend\\frontend_test\\js\\Login.js": {"path":"C:\\Users\\Dennis\\Desktop\\frontend\\frontend_test\\js\\Login.js","statementMap":{"0":{"start":{"line":1,"column":14},"end":{"line":1,"column":32}},"1":{"start":{"line":2,"column":12},"end":{"line":2,"column":28}},"2":{"start":{"line":5,"column":4},"end":{"line":8,"column":6}},"3":{"start":{"line":12,"column":0},"end":{"line":12,"column":32}}},"fnMap":{"0":{"name":"GetStatusCode","decl":{"start":{"line":4,"column":15},"end":{"line":4,"column":28}},"loc":{"start":{"line":4,"column":31},"end":{"line":9,"column":1}},"line":4}},"branchMap":{},"s":{"0":1,"1":1,"2":1,"3":1},"f":{"0":1},"b":{},"_coverageSchema":"1a1c01bbd47fc00a2c39e90264f33305004495a9","hash":"d53b88b5b7c8bb5bbecf86d47586a2e925647773"}
,"C:\\Users\\Dennis\\Desktop\\frontend\\frontend_test\\js\\Restaurant.js": {"path":"C:\\Users\\Dennis\\Desktop\\frontend\\frontend_test\\js\\Restaurant.js","statementMap":{"0":{"start":{"line":1,"column":12},"end":{"line":1,"column":28}},"1":{"start":{"line":5,"column":0},"end":{"line":5,"column":77}}},"fnMap":{},"branchMap":{},"s":{"0":1,"1":1},"f":{},"b":{},"_coverageSchema":"1a1c01bbd47fc00a2c39e90264f33305004495a9","hash":"1d2a046516b394d2fbe68b76d1eede74d46bd89a"}
,"C:\\Users\\Dennis\\Desktop\\frontend\\frontend_test\\js\\User.js": {"path":"C:\\Users\\Dennis\\Desktop\\frontend\\frontend_test\\js\\User.js","statementMap":{"0":{"start":{"line":1,"column":13},"end":{"line":6,"column":1}},"1":{"start":{"line":9,"column":0},"end":{"line":9,"column":17}},"2":{"start":{"line":10,"column":0},"end":{"line":10,"column":21}}},"fnMap":{},"branchMap":{},"s":{"0":1,"1":1,"2":1},"f":{},"b":{},"_coverageSchema":"1a1c01bbd47fc00a2c39e90264f33305004495a9","hash":"ea56a324b1abf385c58513b194f5f8aa46d5f897"}
}
