TN:
SF:js\Dishes.js
FN:4,GetStatusCode
FNF:1
FNH:1
FNDA:1,GetStatusCode
DA:1,1
DA:2,1
DA:5,1
DA:9,1
LF:4
LH:4
BRF:0
BRH:0
end_of_record
TN:
SF:js\Flickr.js
FN:4,GetStatusCode
FNF:1
FNH:1
FNDA:1,GetStatusCode
DA:1,1
DA:2,1
DA:5,1
DA:9,1
LF:4
LH:4
BRF:0
BRH:0
end_of_record
TN:
SF:js\Login.js
FN:4,GetStatusCode
FNF:1
FNH:1
FNDA:1,GetStatusCode
DA:1,1
DA:2,1
DA:5,1
DA:12,1
LF:4
LH:4
BRF:0
BRH:0
end_of_record
TN:
SF:js\Restaurant.js
FNF:0
FNH:0
DA:1,1
DA:5,1
LF:2
LH:2
BRF:0
BRH:0
end_of_record
TN:
SF:js\User.js
FNF:0
FNH:0
DA:1,1
DA:9,1
DA:10,1
LF:3
LH:3
BRF:0
BRH:0
end_of_record
